-------------------------------------------------------------------------------
Test set: com.examly.springapp.SpringappApplicationTests
-------------------------------------------------------------------------------
Tests run: 11, Failures: 1, Errors: 0, Skipped: 0, Time elapsed: 4.087 s <<< FAILURE! - in com.examly.springapp.SpringappApplicationTests
backend_testGetAllCustomers  Time elapsed: 0.025 s  <<< FAILURE!
java.lang.AssertionError: Status expected:<200> but was:<401>
	at com.examly.springapp.SpringappApplicationTests.backend_testGetAllCustomers(SpringappApplicationTests.java:124)

